<?xml version="1.0" encoding="UTF-8"?>
<!-- Generated by org.testng.reporters.JUnitReportReporter -->
<testsuite ignored="0" hostname="DESKTOP-011FOHN" failures="0" tests="2" name="com.course.cases.UpdateUserInfoTest" time="30.261" errors="0" timestamp="25 Jul 2019 07:12:29 GMT" skipped="0">
  <testcase classname="com.course.cases.UpdateUserInfoTest" name="deleteUser" time="15.099"/>
  <testcase classname="com.course.cases.UpdateUserInfoTest" name="updateUserInfo" time="15.162"/>
</testsuite> <!-- com.course.cases.UpdateUserInfoTest -->
