<?xml version="1.0" encoding="UTF-8"?>
<!-- Generated by org.testng.reporters.JUnitReportReporter -->
<testsuite ignored="0" hostname="DESKTOP-011FOHN" failures="0" tests="2" name="com.course.cases.LoginTest" time="11.225" errors="0" timestamp="25 Jul 2019 07:12:29 GMT" skipped="0">
  <testcase classname="com.course.cases.LoginTest" name="loginFalse" time="5.070"/>
  <testcase classname="com.course.cases.LoginTest" name="loginTrue" time="6.155"/>
</testsuite> <!-- com.course.cases.LoginTest -->
